2018-11-15 14:43:53.8669 [DEBUG] Validating model...
2018-11-15 14:43:53.9507 [DEBUG] Model updated
2018-11-15 14:43:53.9507 [DEBUG] Authenticating with server...
2018-11-15 14:43:54.4474 [DEBUG] Connected to room. (85320:SceneFusion:SceneFusion)
2018-11-15 14:43:54.4494 [INFO] Connected to server.
2018-11-15 14:43:54.4494 [DEBUG] OS : Microsoft Windows NT 10.0.17134.0
2018-11-15 14:43:54.4494 [DEBUG] Unity Version : 2018.2.16f1
2018-11-15 14:43:54.4494 [DEBUG] Pro License : True
2018-11-15 14:43:54.4494 [DEBUG] Platform : WindowsEditor
2018-11-15 14:43:54.4494 [DEBUG] Build Target : StandaloneWindows64
2018-11-15 14:43:54.4494 [DEBUG] Scene Fusion version : 1.8.1
2018-11-15 14:43:54.4504 [DEBUG] Scene Fusion client build : 4
2018-11-15 14:43:54.4504 [DEBUG] User : thankcreate@gmail.com
2018-11-15 14:43:54.4504 [DEBUG] Waiting for server response
2018-11-15 14:43:54.4819 [DEBUG] Tier: Scene Fusion Free, Permissions: 00001400
2018-11-15 14:43:54.4819 [DEBUG] User Permissions: FFFFFFFF
2018-11-15 14:43:54.7373 [DEBUG] No stand-in for UnityEngine.ProceduralMaterial
2018-11-15 14:43:54.7373 [DEBUG] No stand-in for UnityEngine.ProceduralTexture
2018-11-15 14:43:54.8794 [DEBUG] Uploading scene 'TestSync'
2018-11-15 14:43:54.8824 [DEBUG] Spawn request. (Objects: 2)
2018-11-15 14:43:55.0760 [DEBUG] Loading complete
2018-11-15 14:48:14.2221 [DEBUG] Spawn request. (Objects: 1)
2018-11-15 14:57:34.6034 [DEBUG] Spawn request. (Objects: 1)
2018-11-15 15:05:39.6214 [DEBUG] Disconnecting from room (85320:SceneFusion:SceneFusion)
2018-11-15 15:05:39.6254 [INFO] Disconnected from server.
2018-11-15 15:05:39.6254 [DEBUG] Disconnect. (Duration: 1305)
