2018-11-15 15:06:57.4563 [DEBUG] Validating model...
2018-11-15 15:06:57.5450 [DEBUG] Model updated
2018-11-15 15:06:57.5450 [DEBUG] Authenticating with server...
2018-11-15 15:06:57.6717 [DEBUG] Connected to room. (85321:SceneFusion:SceneFusion)
2018-11-15 15:06:57.6827 [INFO] Connected to server.
2018-11-15 15:06:57.6827 [DEBUG] OS : Microsoft Windows NT 10.0.17134.0
2018-11-15 15:06:57.6827 [DEBUG] Unity Version : 2018.2.16f1
2018-11-15 15:06:57.6827 [DEBUG] Pro License : True
2018-11-15 15:06:57.6827 [DEBUG] Platform : WindowsEditor
2018-11-15 15:06:57.6827 [DEBUG] Build Target : StandaloneWindows64
2018-11-15 15:06:57.6827 [DEBUG] Scene Fusion version : 1.8.1
2018-11-15 15:06:57.6837 [DEBUG] Scene Fusion client build : 4
2018-11-15 15:06:57.6837 [DEBUG] User : thankcreate@gmail.com
2018-11-15 15:06:57.6837 [DEBUG] Waiting for server response
2018-11-15 15:06:57.7729 [DEBUG] Tier: Scene Fusion Free, Permissions: 00001400
2018-11-15 15:06:57.7729 [DEBUG] User Permissions: FFFFFFFF
2018-11-15 15:06:58.0308 [DEBUG] No stand-in for UnityEngine.ProceduralMaterial
2018-11-15 15:06:58.0308 [DEBUG] No stand-in for UnityEngine.ProceduralTexture
2018-11-15 15:06:58.8217 [DEBUG] Loading complete
2018-11-15 15:07:07.8476 [DEBUG] Disconnecting from room (85321:SceneFusion:SceneFusion)
2018-11-15 15:07:10.0521 [INFO] Disconnected from server.
2018-11-15 15:07:10.0531 [DEBUG] Disconnect. (Duration: 9)
